Arguments: 
  /usr/bin/node /usr/share/yarn/bin/yarn.js add webpack

PATH: 
  /home/ror/.local/bin:/home/ror/.local/bin:/usr/local/sbin:/usr/local/bin:/usr/sbin:/usr/bin:/sbin:/bin:/usr/games:/usr/local/games:/snap/bin:/home/ror/.fzf/bin

Yarn version: 
  1.22.5

Node version: 
  14.15.0

Platform: 
  linux x64

Trace: 
  SyntaxError: /home/ror/Bookmarks/P/Projects/own_project/gdocs-ts-clone/package.json: Unexpected token } in JSON at position 807
      at JSON.parse (<anonymous>)
      at /usr/share/yarn/lib/cli.js:1625:59
      at Generator.next (<anonymous>)
      at step (/usr/share/yarn/lib/cli.js:310:30)
      at /usr/share/yarn/lib/cli.js:321:13

npm manifest: 
  {
    "name": "gdocs-clone-ts",
    "version": "1.0.0",
    "description": "build gdocs clone use vanila js with ts",
    "main": "index.js",
    "repository": "https://github.com/letsgetlift/gdocs-ts-clone.git",
    "author": "alex_sanin <letsgetlift@gmail.com>",
    "license": "MIT",
    "scripts": {
      "dev": "webpack",
      "build": "webpack --mode production",
      "start": "webpack serve --env mode"
    },
    "browserslist": "> 0.25%, not dead",
    "devDependencies": {
      "@babel/core": "^7.12.3",
      "@typescript-eslint/eslint-plugin": "^4.6.1",
      "@typescript-eslint/parser": "^4.6.1",
      "babel-loader": "^8.1.0",
      "eslint-plugin-jest": "^24.1.0",
      "eslint-plugin-typescript": "^0.14.0",
      "node-sass": "^4.14.1",
      "sass-loader": "^10.0.4",
      "ts-loader": "^8.0.7",
      "typescript": "^4.0.5",
    },
    "dependencies": {
      "@babel/preset-env": "^7.12.1",
      "webpack-cli": "^4.1.0"
    }
  }

yarn manifest: 
  No manifest

Lockfile: 
  No lockfile
